2022-03-17 18:25:55 INFO  main:9 - s2 started
2022-03-17 18:25:55 WARN  Client:52 - Server 4 is down
2022-03-17 18:25:55 WARN  Client:52 - Server 3 is down
2022-03-17 18:25:56 INFO  FastBullyAlgorithm:310 - IamUp messages sent
2022-03-17 18:25:56 DEBUG FastBullyAlgorithm:241 - Starting the waiting job [DefaultQuartzScheduler] : group_fast_bully.view_msg_timeout_job
2022-03-17 18:25:56 INFO  FastBullyAlgorithm:143 - View message received with leader as 2
2022-03-17 18:25:56 INFO  FastBullyAlgorithm:150 - Coordinator message sent [coordinator] with leader as 2
2022-03-17 18:25:56 INFO  FastBullyAlgorithm:176 - Accepting new leader server 2
2022-03-17 18:25:56 DEBUG FastBullyAlgorithm:283 - Job [group_fast_bully.view_msg_timeout_job] get interrupted from [DefaultQuartzScheduler]
2022-03-17 18:25:56 INFO  LeaderUpdateMessage:24 - Leader update request from server 1 received
2022-03-17 18:25:58 INFO  FastBullyAlgorithm:342 - View message sent to 3 with leader as 2
2022-03-17 18:25:58 DEBUG FastBullyAlgorithm:283 - Job [group_fast_bully.view_msg_timeout_job] get interrupted from [DefaultQuartzScheduler]
2022-03-17 18:25:58 INFO  FastBullyAlgorithm:176 - Accepting new leader server 3
2022-03-17 18:25:58 DEBUG FastBullyAlgorithm:283 - Job [group_fast_bully.view_msg_timeout_job] get interrupted from [DefaultQuartzScheduler]
2022-03-17 18:25:58 INFO  FastBullyAlgorithm:176 - Accepting new leader server 3
2022-03-17 18:25:58 INFO  FastBullyAlgorithm:199 - Send information to new leader 3
2022-03-17 18:25:58 INFO  FastBullyAlgorithm:199 - Send information to new leader 3
2022-03-17 18:25:58 INFO  LeaderStateUpdateCompleteMessage:20 - Leader server 3 update completed
2022-03-17 18:25:58 INFO  LeaderStateUpdateCompleteMessage:20 - Leader server 3 update completed
2022-03-17 18:26:01 INFO  FastBullyAlgorithm:342 - View message sent to 4 with leader as 3
2022-03-17 18:26:01 DEBUG FastBullyAlgorithm:283 - Job [group_fast_bully.view_msg_timeout_job] get interrupted from [DefaultQuartzScheduler]
2022-03-17 18:26:01 DEBUG FastBullyAlgorithm:283 - Job [group_fast_bully.view_msg_timeout_job] get interrupted from [DefaultQuartzScheduler]
2022-03-17 18:26:01 INFO  FastBullyAlgorithm:176 - Accepting new leader server 4
2022-03-17 18:26:01 INFO  FastBullyAlgorithm:176 - Accepting new leader server 4
2022-03-17 18:26:01 INFO  FastBullyAlgorithm:199 - Send information to new leader 4
2022-03-17 18:26:01 INFO  FastBullyAlgorithm:199 - Send information to new leader 4
2022-03-17 18:26:01 DEBUG FastBullyAlgorithm:283 - Job [group_fast_bully.view_msg_timeout_job] get interrupted from [DefaultQuartzScheduler]
2022-03-17 18:26:01 INFO  FastBullyAlgorithm:176 - Accepting new leader server 4
2022-03-17 18:26:01 INFO  FastBullyAlgorithm:199 - Send information to new leader 4
2022-03-17 18:26:01 INFO  LeaderStateUpdateCompleteMessage:20 - Leader server 4 update completed
2022-03-17 18:26:01 INFO  LeaderStateUpdateCompleteMessage:20 - Leader server 4 update completed
2022-03-17 18:26:01 INFO  LeaderStateUpdateCompleteMessage:20 - Leader server 4 update completed
2022-03-17 18:27:02 INFO  ServerHandler:21 - A client connected to the chat server
2022-03-17 18:27:02 INFO  NewIdentityMessage:59 - Client Adel approval request sent to the leader 4
2022-03-17 18:27:02 WARN  NewIdentityMessage:86 - Client Adel already in use
2022-03-17 18:27:07 INFO  ServerHandler:21 - A client connected to the chat server
2022-03-17 18:27:07 INFO  NewIdentityMessage:59 - Client Jhon approval request sent to the leader 4
2022-03-17 18:27:07 INFO  NewIdentityMessage:81 - Client Jhon successfully joined the server 2 room MainHall-2
2022-03-17 18:27:17 INFO  ListMessage:47 - Room list request message sent to leader 4
2022-03-17 18:27:17 DEBUG ListMessage:53 - Rooms in the system :[MainHall-1, room1, MainHall-2, MainHall-3, MainHall-4]
2022-03-17 18:27:25 INFO  JoinRoomMessage:109 - Received response for route request for join room
2022-03-17 18:27:25 INFO  JoinRoomMessage:117 -  client Jhon left room :MainHall-2
2022-03-17 18:27:25 INFO  JoinRoomMessage:125 - Send broadcast to former room in local server
2022-03-17 18:27:25 INFO  JoinRoomMessage:135 - Route Message Sent to Client
2022-03-17 18:31:59 INFO  FastBullyAlgorithm:176 - Accepting new leader server 4
2022-03-17 18:31:59 INFO  FastBullyAlgorithm:199 - Send information to new leader 4
2022-03-17 18:31:59 INFO  LeaderStateUpdateCompleteMessage:20 - Leader server 4 update completed
2022-03-17 18:32:04 INFO  ServerHandler:21 - A client connected to the chat server
2022-03-17 18:32:04 INFO  NewIdentityMessage:59 - Client Jhon approval request sent to the leader 4
2022-03-17 18:32:04 INFO  NewIdentityMessage:81 - Client Jhon successfully joined the server 2 room MainHall-2
2022-03-17 18:32:06 INFO  QuitMessage:73 - Jhon quit
2022-03-17 18:32:06 WARN  ServerHandler:45 - A client disconnected from the chat server
2022-03-17 18:32:25 WARN  Client:52 - Server 3 is down
2022-03-17 18:32:28 WARN  Client:52 - Server 4 is down
