2022-03-17 18:25:57 INFO  main:9 - s3 started
2022-03-17 18:25:58 WARN  Client:52 - Server 4 is down
2022-03-17 18:25:58 INFO  FastBullyAlgorithm:310 - IamUp messages sent
2022-03-17 18:25:58 DEBUG FastBullyAlgorithm:241 - Starting the waiting job [DefaultQuartzScheduler] : group_fast_bully.view_msg_timeout_job
2022-03-17 18:25:58 INFO  FastBullyAlgorithm:143 - View message received with leader as 2
2022-03-17 18:25:58 INFO  FastBullyAlgorithm:143 - View message received with leader as 2
2022-03-17 18:25:58 INFO  FastBullyAlgorithm:150 - Coordinator message sent [coordinator] with leader as 3
2022-03-17 18:25:58 INFO  FastBullyAlgorithm:176 - Accepting new leader server 3
2022-03-17 18:25:58 DEBUG FastBullyAlgorithm:283 - Job [group_fast_bully.view_msg_timeout_job] get interrupted from [DefaultQuartzScheduler]
2022-03-17 18:25:58 INFO  FastBullyAlgorithm:150 - Coordinator message sent [coordinator] with leader as 3
2022-03-17 18:25:58 INFO  LeaderUpdateMessage:24 - Leader update request from server 1 received
2022-03-17 18:25:58 INFO  LeaderUpdateMessage:24 - Leader update request from server 2 received
2022-03-17 18:25:58 INFO  LeaderUpdateMessage:24 - Leader update request from server 1 received
2022-03-17 18:25:58 2022-03-17 18:25:58INFO  INFO   LeaderUpdateMessageFastBullyAlgorithm::24 - Leader update request from server 1 received
176 - Accepting new leader server 3
2022-03-17 18:25:58 INFO  LeaderUpdateMessage:24 - Leader update request from server 2 received
2022-03-17 18:25:58 INFO  LeaderUpdateMessage:24 - Leader update request from server 2 received
2022-03-17 18:25:58 DEBUG FastBullyAlgorithm:283 - Job [group_fast_bully.view_msg_timeout_job] get interrupted from [DefaultQuartzScheduler]
2022-03-17 18:26:01 INFO  FastBullyAlgorithm:342 - View message sent to 4 with leader as 3
2022-03-17 18:26:01 DEBUG FastBullyAlgorithm:283 - Job [group_fast_bully.view_msg_timeout_job] get interrupted from [DefaultQuartzScheduler]
2022-03-17 18:26:01 INFO  FastBullyAlgorithm:176 - Accepting new leader server 4
2022-03-17 18:26:01 INFO  FastBullyAlgorithm:199 - Send information to new leader 4
2022-03-17 18:26:01 INFO  LeaderStateUpdateCompleteMessage:20 - Leader server 4 update completed
2022-03-17 18:26:01 DEBUG FastBullyAlgorithm:283 - Job [group_fast_bully.view_msg_timeout_job] get interrupted from [DefaultQuartzScheduler]
2022-03-17 18:26:01 DEBUG FastBullyAlgorithm:283 - Job [group_fast_bully.view_msg_timeout_job] get interrupted from [DefaultQuartzScheduler]
2022-03-17 18:26:01 INFO  FastBullyAlgorithm:176 - Accepting new leader server 4
2022-03-17 18:26:01 INFO  FastBullyAlgorithm:176 - Accepting new leader server 4
2022-03-17 18:26:01 INFO  FastBullyAlgorithm:199 - Send information to new leader 4
2022-03-17 18:26:01 INFO  FastBullyAlgorithm:199 - Send information to new leader 4
2022-03-17 18:26:01 INFO  LeaderStateUpdateCompleteMessage:20 - Leader server 4 update completed
2022-03-17 18:26:01 INFO  LeaderStateUpdateCompleteMessage:20 - Leader server 4 update completed
2022-03-17 18:31:34 INFO  ServerHandler:21 - A client connected to the chat server
2022-03-17 18:31:40 INFO  ListMessage:47 - Room list request message sent to leader 4
2022-03-17 18:31:40 DEBUG ListMessage:53 - Rooms in the system :[MainHall-1, MainHall-2, MainHall-3, MainHall-4]
2022-03-17 18:31:49 INFO  FastBullyAlgorithm:61 - Election message sent by the server 3
2022-03-17 18:31:49 DEBUG FastBullyAlgorithm:241 - Starting the waiting job [DefaultQuartzScheduler] : group_fast_bully.answer_msg_timeout_job
2022-03-17 18:31:49 INFO  AnswerMessage:19 - Answer message from 4 received
2022-03-17 18:31:59 INFO  FastBullyAlgorithm:103 - Sending nomination to server 4 after answer message timeout
2022-03-17 18:31:59 DEBUG FastBullyAlgorithm:241 - Starting the waiting job [DefaultQuartzScheduler] : group_fast_bully.coordinator_msg_timeout_job
2022-03-17 18:31:59 DEBUG FastBullyAlgorithm:283 - Job [group_fast_bully.coordinator_msg_timeout_job] get interrupted from [DefaultQuartzScheduler]
2022-03-17 18:31:59 INFO  FastBullyAlgorithm:176 - Accepting new leader server 4
2022-03-17 18:31:59 INFO  FastBullyAlgorithm:199 - Send information to new leader 4
2022-03-17 18:31:59 INFO  LeaderStateUpdateCompleteMessage:20 - Leader server 4 update completed
2022-03-17 18:31:59 INFO  QuitMessage:73 - Jhon quit
