2022-03-26 19:02:47,527 INFO  Server.Main - ------server started------
2022-03-26 19:02:47,537 INFO  Server.Main - /0.0.0.0:5555
2022-03-26 19:02:47,538 INFO  Server.Main - TCP Server waiting for coordination on port 5555
2022-03-26 19:02:47,538 INFO  Server.Main - /0.0.0.0:4444
2022-03-26 19:02:47,539 INFO  Server.Main - TCP Server waiting for clients on port 4444
2022-03-26 19:02:47,542 INFO  Server.Main - leader election started
2022-03-26 19:02:47,610 INFO  Server.Main - Failure Detection is running GOSSIP mode
2022-03-26 19:02:47,627 WARN  MessagePassing.MessagePassing - server 2 is down
2022-03-26 19:02:47,631 WARN  MessagePassing.MessagePassing - server 3 is down
2022-03-26 19:02:47,632 WARN  MessagePassing.MessagePassing - server 4 is down
2022-03-26 19:02:47,634 INFO  consensus.election.FastBullyAlgorithm - IamUp messages sent
2022-03-26 19:02:47,636 INFO  consensus.election.FastBullyAlgorithm - LOG  : Starting the waiting job [DefaultQuartzScheduler] : group_fast_bully.view_msg_timeout_job
2022-03-26 19:02:47,639 INFO  heartbeat.GossipJob - IN the %%%%%%%%%%%%%%%%%%%%%%%%%%%%%%%%%%%%%%%%%%%
2022-03-26 19:02:47,639 INFO  heartbeat.GossipJob - starting ##############
2022-03-26 19:02:47,640 INFO  heartbeat.GossipJob - 1serverID
2022-03-26 19:02:47,640 INFO  heartbeat.GossipJob - available servers %%%%%%%%%%%%%%%%%%%%%%
2022-03-26 19:02:47,640 INFO  heartbeat.GossipJob - 4 number of current servers
2022-03-26 19:02:47,640 INFO  heartbeat.GossipJob - finish ****************
2022-03-26 19:02:47,642 INFO  heartbeat.ConsensusJob - [SKIP] There seems to be on going consensus at the moment, skip.
2022-03-26 19:02:50,652 INFO  heartbeat.GossipJob - IN the %%%%%%%%%%%%%%%%%%%%%%%%%%%%%%%%%%%%%%%%%%%
2022-03-26 19:02:50,653 INFO  heartbeat.GossipJob - starting ##############
2022-03-26 19:02:50,654 INFO  heartbeat.GossipJob - 1serverID
2022-03-26 19:02:50,654 INFO  heartbeat.GossipJob - available servers %%%%%%%%%%%%%%%%%%%%%%
2022-03-26 19:02:50,654 INFO  heartbeat.GossipJob - 4 number of current servers
2022-03-26 19:02:50,654 INFO  heartbeat.GossipJob - finish ****************
2022-03-26 19:02:53,622 INFO  heartbeat.GossipJob - IN the %%%%%%%%%%%%%%%%%%%%%%%%%%%%%%%%%%%%%%%%%%%
2022-03-26 19:02:53,623 INFO  heartbeat.GossipJob - starting ##############
2022-03-26 19:02:53,624 INFO  heartbeat.GossipJob - 1serverID
2022-03-26 19:02:53,624 INFO  heartbeat.GossipJob - available servers %%%%%%%%%%%%%%%%%%%%%%
2022-03-26 19:02:53,624 INFO  heartbeat.GossipJob - 4 number of current servers
2022-03-26 19:02:53,624 INFO  heartbeat.GossipJob - finish ****************
2022-03-26 19:02:56,622 INFO  heartbeat.GossipJob - IN the %%%%%%%%%%%%%%%%%%%%%%%%%%%%%%%%%%%%%%%%%%%
2022-03-26 19:02:56,624 INFO  heartbeat.GossipJob - starting ##############
2022-03-26 19:02:56,624 INFO  heartbeat.GossipJob - 1serverID
2022-03-26 19:02:56,624 INFO  heartbeat.GossipJob - available servers %%%%%%%%%%%%%%%%%%%%%%
2022-03-26 19:02:56,624 INFO  heartbeat.GossipJob - 4 number of current servers
2022-03-26 19:02:56,625 INFO  heartbeat.GossipJob - finish ****************
2022-03-26 19:02:57,629 INFO  heartbeat.ConsensusJob - [SKIP] There seems to be on going consensus at the moment, skip.
2022-03-26 19:02:57,644 INFO  consensus.election.timeout.MessageTimeout - Job was interrupted...
2022-03-26 19:02:57,645 INFO  consensus.election.FastBullyAlgorithm - LOG  : Job [group_fast_bully.view_msg_timeout_job] get interrupted from [DefaultQuartzScheduler]
2022-03-26 19:02:57,646 INFO  consensus.election.FastBullyAlgorithm - coordinator message sent [coordinatorViewTimeout] with leader as 1
2022-03-26 19:02:57,646 INFO  consensus.election.FastBullyAlgorithm - accepting new leader server 1
2022-03-26 19:02:57,647 INFO  consensus.election.FastBullyAlgorithm - [Server.Room@1ec5f755]
2022-03-26 19:02:57,647 INFO  consensus.election.FastBullyAlgorithm - 1
2022-03-26 19:02:57,647 INFO  consensus.election.FastBullyAlgorithm - []
2022-03-26 19:02:59,623 INFO  heartbeat.GossipJob - IN the %%%%%%%%%%%%%%%%%%%%%%%%%%%%%%%%%%%%%%%%%%%
2022-03-26 19:02:59,624 INFO  heartbeat.GossipJob - starting ##############
2022-03-26 19:02:59,624 INFO  heartbeat.GossipJob - 1serverID
2022-03-26 19:02:59,624 INFO  heartbeat.GossipJob - available servers %%%%%%%%%%%%%%%%%%%%%%
2022-03-26 19:02:59,624 INFO  heartbeat.GossipJob - 4 number of current servers
2022-03-26 19:02:59,624 INFO  heartbeat.GossipJob - finish ****************
2022-03-26 19:02:59,624 INFO  heartbeat.GossipJob - Current coordinator is : 1
2022-03-26 19:03:02,622 INFO  heartbeat.GossipJob - IN the %%%%%%%%%%%%%%%%%%%%%%%%%%%%%%%%%%%%%%%%%%%
2022-03-26 19:03:02,623 INFO  heartbeat.GossipJob - starting ##############
2022-03-26 19:03:02,623 INFO  heartbeat.GossipJob - 1serverID
2022-03-26 19:03:02,624 INFO  heartbeat.GossipJob - available servers %%%%%%%%%%%%%%%%%%%%%%
2022-03-26 19:03:02,624 INFO  heartbeat.GossipJob - 4 number of current servers
2022-03-26 19:03:02,624 INFO  heartbeat.GossipJob - finish ****************
2022-03-26 19:03:02,624 INFO  heartbeat.GossipJob - Current coordinator is : 1
2022-03-26 19:03:05,623 INFO  heartbeat.GossipJob - IN the %%%%%%%%%%%%%%%%%%%%%%%%%%%%%%%%%%%%%%%%%%%
2022-03-26 19:03:05,623 INFO  heartbeat.GossipJob - starting ##############
2022-03-26 19:03:05,624 INFO  heartbeat.GossipJob - 1serverID
2022-03-26 19:03:05,624 INFO  heartbeat.GossipJob - available servers %%%%%%%%%%%%%%%%%%%%%%
2022-03-26 19:03:05,624 INFO  heartbeat.GossipJob - 4 number of current servers
2022-03-26 19:03:05,624 INFO  heartbeat.GossipJob - finish ****************
2022-03-26 19:03:05,625 INFO  heartbeat.GossipJob - Current coordinator is : 1
2022-03-26 19:03:08,623 INFO  heartbeat.GossipJob - IN the %%%%%%%%%%%%%%%%%%%%%%%%%%%%%%%%%%%%%%%%%%%
2022-03-26 19:03:08,623 INFO  heartbeat.GossipJob - starting ##############
2022-03-26 19:03:08,624 INFO  heartbeat.GossipJob - 1serverID
2022-03-26 19:03:08,625 INFO  heartbeat.GossipJob - available servers %%%%%%%%%%%%%%%%%%%%%%
2022-03-26 19:03:08,625 INFO  heartbeat.GossipJob - 4 number of current servers
2022-03-26 19:03:08,625 INFO  heartbeat.GossipJob - finish ****************
2022-03-26 19:03:08,625 INFO  heartbeat.GossipJob - Current coordinator is : 1
2022-03-26 19:03:11,622 INFO  heartbeat.GossipJob - IN the %%%%%%%%%%%%%%%%%%%%%%%%%%%%%%%%%%%%%%%%%%%
2022-03-26 19:03:11,625 INFO  heartbeat.GossipJob - starting ##############
2022-03-26 19:03:11,626 INFO  heartbeat.GossipJob - 1serverID
2022-03-26 19:03:11,626 INFO  heartbeat.GossipJob - available servers %%%%%%%%%%%%%%%%%%%%%%
2022-03-26 19:03:11,627 INFO  heartbeat.GossipJob - 4 number of current servers
2022-03-26 19:03:11,627 INFO  heartbeat.GossipJob - finish ****************
2022-03-26 19:03:11,627 INFO  heartbeat.GossipJob - Current coordinator is : 1
2022-03-26 19:03:14,627 INFO  heartbeat.GossipJob - IN the %%%%%%%%%%%%%%%%%%%%%%%%%%%%%%%%%%%%%%%%%%%
2022-03-26 19:03:14,628 INFO  heartbeat.GossipJob - starting ##############
2022-03-26 19:03:14,628 INFO  heartbeat.GossipJob - 1serverID
2022-03-26 19:03:14,629 INFO  heartbeat.GossipJob - available servers %%%%%%%%%%%%%%%%%%%%%%
2022-03-26 19:03:14,629 INFO  heartbeat.GossipJob - 4 number of current servers
2022-03-26 19:03:14,629 INFO  heartbeat.GossipJob - finish ****************
2022-03-26 19:03:14,629 INFO  heartbeat.GossipJob - Current coordinator is : 1
2022-03-26 19:03:17,623 INFO  heartbeat.GossipJob - IN the %%%%%%%%%%%%%%%%%%%%%%%%%%%%%%%%%%%%%%%%%%%
2022-03-26 19:03:17,624 INFO  heartbeat.GossipJob - starting ##############
2022-03-26 19:03:17,625 INFO  heartbeat.GossipJob - 1serverID
2022-03-26 19:03:17,625 INFO  heartbeat.GossipJob - available servers %%%%%%%%%%%%%%%%%%%%%%
2022-03-26 19:03:17,626 INFO  heartbeat.GossipJob - 4 number of current servers
2022-03-26 19:03:17,626 INFO  heartbeat.GossipJob - finish ****************
2022-03-26 19:03:17,626 INFO  heartbeat.GossipJob - Current coordinator is : 1
2022-03-26 19:03:20,622 INFO  heartbeat.GossipJob - IN the %%%%%%%%%%%%%%%%%%%%%%%%%%%%%%%%%%%%%%%%%%%
2022-03-26 19:03:20,625 INFO  heartbeat.GossipJob - starting ##############
2022-03-26 19:03:20,625 INFO  heartbeat.GossipJob - 1serverID
2022-03-26 19:03:20,625 INFO  heartbeat.GossipJob - available servers %%%%%%%%%%%%%%%%%%%%%%
2022-03-26 19:03:20,625 INFO  heartbeat.GossipJob - 4 number of current servers
2022-03-26 19:03:20,625 INFO  heartbeat.GossipJob - finish ****************
2022-03-26 19:03:20,626 INFO  heartbeat.GossipJob - Current coordinator is : 1
2022-03-26 19:03:23,622 INFO  heartbeat.GossipJob - IN the %%%%%%%%%%%%%%%%%%%%%%%%%%%%%%%%%%%%%%%%%%%
2022-03-26 19:03:23,622 INFO  heartbeat.GossipJob - starting ##############
2022-03-26 19:03:23,623 INFO  heartbeat.GossipJob - 1serverID
2022-03-26 19:03:23,623 INFO  heartbeat.GossipJob - available servers %%%%%%%%%%%%%%%%%%%%%%
2022-03-26 19:03:23,623 INFO  heartbeat.GossipJob - 4 number of current servers
2022-03-26 19:03:23,623 INFO  heartbeat.GossipJob - finish ****************
2022-03-26 19:03:23,623 INFO  heartbeat.GossipJob - Current coordinator is : 1
2022-03-26 19:03:25,267 INFO  consensus.election.FastBullyAlgorithm - view message sent to 2 with leader as 1
2022-03-26 19:03:25,270 INFO  consensus.election.FastBullyAlgorithm - accepting new leader server 2
2022-03-26 19:03:25,271 INFO  consensus.election.FastBullyAlgorithm - [Server.Room@1ec5f755]
2022-03-26 19:03:25,272 INFO  MessagePassing.MessagePassing - java.net.Socket$SocketOutputStream@3bd78cad
2022-03-26 19:03:25,273 INFO  MessagePassing.MessagePassing - *******************
2022-03-26 19:03:25,273 INFO  consensus.election.FastBullyAlgorithm - send information to new leader 2
2022-03-26 19:03:25,275 INFO  Server.ServerThread - INFO : leader server 2 update done
2022-03-26 19:03:26,623 INFO  heartbeat.GossipJob - IN the %%%%%%%%%%%%%%%%%%%%%%%%%%%%%%%%%%%%%%%%%%%
2022-03-26 19:03:26,623 INFO  heartbeat.GossipJob - starting ##############
2022-03-26 19:03:26,623 INFO  heartbeat.GossipJob - 2serverID
2022-03-26 19:03:26,623 INFO  heartbeat.GossipJob - available servers %%%%%%%%%%%%%%%%%%%%%%
2022-03-26 19:03:26,623 INFO  heartbeat.GossipJob - 4 number of current servers
2022-03-26 19:03:26,624 INFO  heartbeat.GossipJob - finish ****************
2022-03-26 19:03:26,624 INFO  heartbeat.GossipJob - starting ##############
2022-03-26 19:03:26,624 INFO  heartbeat.GossipJob - 1serverID
2022-03-26 19:03:26,624 INFO  heartbeat.GossipJob - available servers %%%%%%%%%%%%%%%%%%%%%%
2022-03-26 19:03:26,624 INFO  heartbeat.GossipJob - 4 number of current servers
2022-03-26 19:03:26,624 INFO  heartbeat.GossipJob - finish ****************
2022-03-26 19:03:26,624 INFO  heartbeat.GossipJob - Current coordinator is : 2
2022-03-26 19:03:28,295 INFO  heartbeat.GossipJob - Receiving gossip from server: [2] gossipping: {"1":1,"2":0}
2022-03-26 19:03:28,296 INFO  heartbeat.GossipJob - Current cluster heart beat state is: {1=0, 2=0}
2022-03-26 19:03:29,622 INFO  heartbeat.GossipJob - IN the %%%%%%%%%%%%%%%%%%%%%%%%%%%%%%%%%%%%%%%%%%%
2022-03-26 19:03:29,622 INFO  heartbeat.GossipJob - starting ##############
2022-03-26 19:03:29,623 INFO  heartbeat.GossipJob - 2serverID
2022-03-26 19:03:29,623 INFO  heartbeat.GossipJob - available servers %%%%%%%%%%%%%%%%%%%%%%
2022-03-26 19:03:29,623 INFO  heartbeat.GossipJob - 4 number of current servers
2022-03-26 19:03:29,623 INFO  heartbeat.GossipJob - finish ****************
2022-03-26 19:03:29,623 INFO  heartbeat.GossipJob - starting ##############
2022-03-26 19:03:29,623 INFO  heartbeat.GossipJob - 1serverID
2022-03-26 19:03:29,623 INFO  heartbeat.GossipJob - available servers %%%%%%%%%%%%%%%%%%%%%%
2022-03-26 19:03:29,623 INFO  heartbeat.GossipJob - 4 number of current servers
2022-03-26 19:03:29,623 INFO  heartbeat.GossipJob - finish ****************
2022-03-26 19:03:29,623 INFO  heartbeat.GossipJob - Current coordinator is : 2
2022-03-26 19:03:29,625 INFO  heartbeat.GossipJob - Gossip heartbeat info to next peer s2
2022-03-26 19:03:32,622 INFO  heartbeat.GossipJob - IN the %%%%%%%%%%%%%%%%%%%%%%%%%%%%%%%%%%%%%%%%%%%
2022-03-26 19:03:32,622 INFO  heartbeat.GossipJob - starting ##############
2022-03-26 19:03:32,623 INFO  heartbeat.GossipJob - 2serverID
2022-03-26 19:03:32,623 INFO  heartbeat.GossipJob - available servers %%%%%%%%%%%%%%%%%%%%%%
2022-03-26 19:03:32,623 INFO  heartbeat.GossipJob - 4 number of current servers
2022-03-26 19:03:32,623 INFO  heartbeat.GossipJob - finish ****************
2022-03-26 19:03:32,623 INFO  heartbeat.GossipJob - starting ##############
2022-03-26 19:03:32,623 INFO  heartbeat.GossipJob - 1serverID
2022-03-26 19:03:32,623 INFO  heartbeat.GossipJob - available servers %%%%%%%%%%%%%%%%%%%%%%
2022-03-26 19:03:32,623 INFO  heartbeat.GossipJob - 4 number of current servers
2022-03-26 19:03:32,623 INFO  heartbeat.GossipJob - finish ****************
2022-03-26 19:03:32,623 INFO  heartbeat.GossipJob - Current coordinator is : 2
2022-03-26 19:03:35,624 INFO  heartbeat.GossipJob - IN the %%%%%%%%%%%%%%%%%%%%%%%%%%%%%%%%%%%%%%%%%%%
2022-03-26 19:03:35,624 INFO  heartbeat.GossipJob - starting ##############
2022-03-26 19:03:35,625 INFO  heartbeat.GossipJob - 2serverID
2022-03-26 19:03:35,625 INFO  heartbeat.GossipJob - available servers %%%%%%%%%%%%%%%%%%%%%%
2022-03-26 19:03:35,625 INFO  heartbeat.GossipJob - 4 number of current servers
2022-03-26 19:03:35,625 INFO  heartbeat.GossipJob - finish ****************
2022-03-26 19:03:35,625 INFO  heartbeat.GossipJob - starting ##############
2022-03-26 19:03:35,625 INFO  heartbeat.GossipJob - 1serverID
2022-03-26 19:03:35,625 INFO  heartbeat.GossipJob - available servers %%%%%%%%%%%%%%%%%%%%%%
2022-03-26 19:03:35,625 INFO  heartbeat.GossipJob - 4 number of current servers
2022-03-26 19:03:35,625 INFO  heartbeat.GossipJob - finish ****************
2022-03-26 19:03:35,625 INFO  heartbeat.GossipJob - Current coordinator is : 2
2022-03-26 19:03:35,628 INFO  heartbeat.GossipJob - Gossip heartbeat info to next peer s2
2022-03-26 19:03:38,623 INFO  heartbeat.GossipJob - IN the %%%%%%%%%%%%%%%%%%%%%%%%%%%%%%%%%%%%%%%%%%%
2022-03-26 19:03:38,623 INFO  heartbeat.GossipJob - starting ##############
2022-03-26 19:03:38,623 INFO  heartbeat.GossipJob - 2serverID
2022-03-26 19:03:38,623 INFO  heartbeat.GossipJob - available servers %%%%%%%%%%%%%%%%%%%%%%
2022-03-26 19:03:38,624 INFO  heartbeat.GossipJob - 4 number of current servers
2022-03-26 19:03:38,624 INFO  heartbeat.GossipJob - finish ****************
2022-03-26 19:03:38,624 INFO  heartbeat.GossipJob - starting ##############
2022-03-26 19:03:38,624 INFO  heartbeat.GossipJob - 1serverID
2022-03-26 19:03:38,624 INFO  heartbeat.GossipJob - available servers %%%%%%%%%%%%%%%%%%%%%%
2022-03-26 19:03:38,624 INFO  heartbeat.GossipJob - 4 number of current servers
2022-03-26 19:03:38,624 INFO  heartbeat.GossipJob - finish ****************
2022-03-26 19:03:38,624 INFO  heartbeat.GossipJob - Current coordinator is : 2
2022-03-26 19:03:41,623 INFO  heartbeat.GossipJob - IN the %%%%%%%%%%%%%%%%%%%%%%%%%%%%%%%%%%%%%%%%%%%
2022-03-26 19:03:41,624 INFO  heartbeat.GossipJob - starting ##############
2022-03-26 19:03:41,624 INFO  heartbeat.GossipJob - 2serverID
2022-03-26 19:03:41,624 INFO  heartbeat.GossipJob - available servers %%%%%%%%%%%%%%%%%%%%%%
2022-03-26 19:03:41,624 INFO  heartbeat.GossipJob - 4 number of current servers
2022-03-26 19:03:41,624 INFO  heartbeat.GossipJob - finish ****************
2022-03-26 19:03:41,624 INFO  heartbeat.GossipJob - starting ##############
2022-03-26 19:03:41,624 INFO  heartbeat.GossipJob - 1serverID
2022-03-26 19:03:41,624 INFO  heartbeat.GossipJob - available servers %%%%%%%%%%%%%%%%%%%%%%
2022-03-26 19:03:41,625 INFO  heartbeat.GossipJob - 4 number of current servers
2022-03-26 19:03:41,625 INFO  heartbeat.GossipJob - finish ****************
2022-03-26 19:03:41,625 INFO  heartbeat.GossipJob - Current coordinator is : 2
2022-03-26 19:03:41,627 INFO  heartbeat.GossipJob - Gossip heartbeat info to next peer s2
2022-03-26 19:03:44,622 INFO  heartbeat.GossipJob - IN the %%%%%%%%%%%%%%%%%%%%%%%%%%%%%%%%%%%%%%%%%%%
2022-03-26 19:03:44,623 INFO  heartbeat.GossipJob - starting ##############
2022-03-26 19:03:44,623 INFO  heartbeat.GossipJob - 2serverID
2022-03-26 19:03:44,623 INFO  heartbeat.GossipJob - available servers %%%%%%%%%%%%%%%%%%%%%%
2022-03-26 19:03:44,624 INFO  heartbeat.GossipJob - 4 number of current servers
2022-03-26 19:03:44,624 INFO  heartbeat.GossipJob - finish ****************
2022-03-26 19:03:44,624 INFO  heartbeat.GossipJob - starting ##############
2022-03-26 19:03:44,624 INFO  heartbeat.GossipJob - 1serverID
2022-03-26 19:03:44,624 INFO  heartbeat.GossipJob - available servers %%%%%%%%%%%%%%%%%%%%%%
2022-03-26 19:03:44,625 INFO  heartbeat.GossipJob - 4 number of current servers
2022-03-26 19:03:44,625 INFO  heartbeat.GossipJob - finish ****************
2022-03-26 19:03:44,625 INFO  heartbeat.GossipJob - Current coordinator is : 2
2022-03-26 19:03:44,630 INFO  heartbeat.GossipJob - Gossip heartbeat info to next peer s2
2022-03-26 19:03:44,636 WARN  MessagePassing.MessagePassing - server 3 is down
2022-03-26 19:03:44,637 WARN  MessagePassing.MessagePassing - server 4 is down
2022-03-26 19:03:44,637 INFO  consensus.election.FastBullyAlgorithm - election message sent by the server 1
2022-03-26 19:03:44,638 INFO  consensus.election.FastBullyAlgorithm - LOG  : Starting the waiting job [DefaultQuartzScheduler] : group_fast_bully.answer_msg_timeout_job
2022-03-26 19:03:44,640 INFO  consensus.election.FastBullyAlgorithm - INFO : answer message from 2 received
2022-03-26 19:03:47,623 INFO  heartbeat.GossipJob - IN the %%%%%%%%%%%%%%%%%%%%%%%%%%%%%%%%%%%%%%%%%%%
2022-03-26 19:03:47,623 INFO  heartbeat.GossipJob - starting ##############
2022-03-26 19:03:47,623 INFO  heartbeat.GossipJob - 2serverID
2022-03-26 19:03:47,623 INFO  heartbeat.GossipJob - available servers %%%%%%%%%%%%%%%%%%%%%%
2022-03-26 19:03:47,623 INFO  heartbeat.GossipJob - 4 number of current servers
2022-03-26 19:03:47,623 INFO  heartbeat.GossipJob - finish ****************
2022-03-26 19:03:47,623 INFO  heartbeat.GossipJob - starting ##############
2022-03-26 19:03:47,623 INFO  heartbeat.GossipJob - 1serverID
2022-03-26 19:03:47,623 INFO  heartbeat.GossipJob - available servers %%%%%%%%%%%%%%%%%%%%%%
2022-03-26 19:03:47,623 INFO  heartbeat.GossipJob - 4 number of current servers
2022-03-26 19:03:47,623 INFO  heartbeat.GossipJob - finish ****************
2022-03-26 19:03:47,628 INFO  heartbeat.ConsensusJob - [SKIP] There seems to be on going consensus at the moment, skip.
2022-03-26 19:03:50,623 INFO  heartbeat.GossipJob - IN the %%%%%%%%%%%%%%%%%%%%%%%%%%%%%%%%%%%%%%%%%%%
2022-03-26 19:03:50,623 INFO  heartbeat.GossipJob - starting ##############
2022-03-26 19:03:50,623 INFO  heartbeat.GossipJob - 2serverID
2022-03-26 19:03:50,623 INFO  heartbeat.GossipJob - available servers %%%%%%%%%%%%%%%%%%%%%%
2022-03-26 19:03:50,623 INFO  heartbeat.GossipJob - 4 number of current servers
2022-03-26 19:03:50,624 INFO  heartbeat.GossipJob - finish ****************
2022-03-26 19:03:50,624 INFO  heartbeat.GossipJob - starting ##############
2022-03-26 19:03:50,624 INFO  heartbeat.GossipJob - 1serverID
2022-03-26 19:03:50,624 INFO  heartbeat.GossipJob - available servers %%%%%%%%%%%%%%%%%%%%%%
2022-03-26 19:03:50,624 INFO  heartbeat.GossipJob - 4 number of current servers
2022-03-26 19:03:50,624 INFO  heartbeat.GossipJob - finish ****************
2022-03-26 19:03:53,623 INFO  heartbeat.GossipJob - IN the %%%%%%%%%%%%%%%%%%%%%%%%%%%%%%%%%%%%%%%%%%%
2022-03-26 19:03:53,623 INFO  heartbeat.GossipJob - starting ##############
2022-03-26 19:03:53,623 INFO  heartbeat.GossipJob - 2serverID
2022-03-26 19:03:53,623 INFO  heartbeat.GossipJob - available servers %%%%%%%%%%%%%%%%%%%%%%
2022-03-26 19:03:53,624 INFO  heartbeat.GossipJob - 4 number of current servers
2022-03-26 19:03:53,624 INFO  heartbeat.GossipJob - finish ****************
2022-03-26 19:03:53,624 INFO  heartbeat.GossipJob - starting ##############
2022-03-26 19:03:53,624 INFO  heartbeat.GossipJob - 1serverID
2022-03-26 19:03:53,624 INFO  heartbeat.GossipJob - available servers %%%%%%%%%%%%%%%%%%%%%%
2022-03-26 19:03:53,624 INFO  heartbeat.GossipJob - 4 number of current servers
2022-03-26 19:03:53,624 INFO  heartbeat.GossipJob - finish ****************
2022-03-26 19:03:54,652 INFO  consensus.election.FastBullyAlgorithm - LOG  : Starting the waiting job [DefaultQuartzScheduler] : group_fast_bully.coordinator_msg_timeout_job
2022-03-26 19:03:54,669 INFO  consensus.election.FastBullyAlgorithm - LOG  : Job [group_fast_bully.coordinator_msg_timeout_job] get interrupted from [DefaultQuartzScheduler]
2022-03-26 19:03:54,671 INFO  consensus.election.FastBullyAlgorithm - accepting new leader server 2
2022-03-26 19:03:54,671 INFO  consensus.election.FastBullyAlgorithm - [Server.Room@1ec5f755]
2022-03-26 19:03:54,681 INFO  MessagePassing.MessagePassing - java.net.Socket$SocketOutputStream@767dab68
2022-03-26 19:03:54,682 INFO  MessagePassing.MessagePassing - *******************
2022-03-26 19:03:54,682 INFO  consensus.election.FastBullyAlgorithm - send information to new leader 2
2022-03-26 19:03:54,684 INFO  Server.ServerThread - INFO : leader server 2 update done
2022-03-26 19:03:55,235 INFO  heartbeat.GossipJob - Receiving gossip from server: [2] gossipping: {"1":4,"2":0}
2022-03-26 19:03:55,236 INFO  heartbeat.GossipJob - Current cluster heart beat state is: {1=0, 2=0}
2022-03-26 19:03:56,622 INFO  heartbeat.GossipJob - IN the %%%%%%%%%%%%%%%%%%%%%%%%%%%%%%%%%%%%%%%%%%%
2022-03-26 19:03:56,623 INFO  heartbeat.GossipJob - starting ##############
2022-03-26 19:03:56,623 INFO  heartbeat.GossipJob - 2serverID
2022-03-26 19:03:56,624 INFO  heartbeat.GossipJob - available servers %%%%%%%%%%%%%%%%%%%%%%
2022-03-26 19:03:56,624 INFO  heartbeat.GossipJob - 4 number of current servers
2022-03-26 19:03:56,624 INFO  heartbeat.GossipJob - finish ****************
2022-03-26 19:03:56,624 INFO  heartbeat.GossipJob - starting ##############
2022-03-26 19:03:56,624 INFO  heartbeat.GossipJob - 1serverID
2022-03-26 19:03:56,624 INFO  heartbeat.GossipJob - available servers %%%%%%%%%%%%%%%%%%%%%%
2022-03-26 19:03:56,624 INFO  heartbeat.GossipJob - 4 number of current servers
2022-03-26 19:03:56,625 INFO  heartbeat.GossipJob - finish ****************
2022-03-26 19:03:56,625 INFO  heartbeat.GossipJob - Current coordinator is : 2
2022-03-26 19:03:59,623 INFO  heartbeat.GossipJob - IN the %%%%%%%%%%%%%%%%%%%%%%%%%%%%%%%%%%%%%%%%%%%
2022-03-26 19:03:59,624 INFO  heartbeat.GossipJob - starting ##############
2022-03-26 19:03:59,624 INFO  heartbeat.GossipJob - 2serverID
2022-03-26 19:03:59,624 INFO  heartbeat.GossipJob - available servers %%%%%%%%%%%%%%%%%%%%%%
2022-03-26 19:03:59,624 INFO  heartbeat.GossipJob - 4 number of current servers
2022-03-26 19:03:59,624 INFO  heartbeat.GossipJob - finish ****************
2022-03-26 19:03:59,624 INFO  heartbeat.GossipJob - starting ##############
2022-03-26 19:03:59,624 INFO  heartbeat.GossipJob - 1serverID
2022-03-26 19:03:59,624 INFO  heartbeat.GossipJob - available servers %%%%%%%%%%%%%%%%%%%%%%
2022-03-26 19:03:59,625 INFO  heartbeat.GossipJob - 4 number of current servers
2022-03-26 19:03:59,625 INFO  heartbeat.GossipJob - finish ****************
2022-03-26 19:03:59,625 INFO  heartbeat.GossipJob - Current coordinator is : 2
2022-03-26 19:04:02,622 INFO  heartbeat.GossipJob - IN the %%%%%%%%%%%%%%%%%%%%%%%%%%%%%%%%%%%%%%%%%%%
2022-03-26 19:04:02,622 INFO  heartbeat.GossipJob - starting ##############
2022-03-26 19:04:02,623 INFO  heartbeat.GossipJob - 2serverID
2022-03-26 19:04:02,623 INFO  heartbeat.GossipJob - available servers %%%%%%%%%%%%%%%%%%%%%%
2022-03-26 19:04:02,623 INFO  heartbeat.GossipJob - 4 number of current servers
2022-03-26 19:04:02,623 INFO  heartbeat.GossipJob - finish ****************
2022-03-26 19:04:02,623 INFO  heartbeat.GossipJob - starting ##############
2022-03-26 19:04:02,623 INFO  heartbeat.GossipJob - 1serverID
2022-03-26 19:04:02,623 INFO  heartbeat.GossipJob - available servers %%%%%%%%%%%%%%%%%%%%%%
2022-03-26 19:04:02,623 INFO  heartbeat.GossipJob - 4 number of current servers
2022-03-26 19:04:02,623 INFO  heartbeat.GossipJob - finish ****************
2022-03-26 19:04:02,623 INFO  heartbeat.GossipJob - Current coordinator is : 2
2022-03-26 19:04:02,624 INFO  heartbeat.GossipJob - Gossip heartbeat info to next peer s2
2022-03-26 19:04:04,238 INFO  heartbeat.GossipJob - Receiving gossip from server: [2] gossipping: {"1":1,"2":0}
2022-03-26 19:04:04,238 INFO  heartbeat.GossipJob - Current cluster heart beat state is: {1=0, 2=0}
2022-03-26 19:04:05,622 INFO  heartbeat.GossipJob - IN the %%%%%%%%%%%%%%%%%%%%%%%%%%%%%%%%%%%%%%%%%%%
2022-03-26 19:04:05,622 INFO  heartbeat.GossipJob - starting ##############
2022-03-26 19:04:05,622 INFO  heartbeat.GossipJob - 2serverID
2022-03-26 19:04:05,622 INFO  heartbeat.GossipJob - available servers %%%%%%%%%%%%%%%%%%%%%%
2022-03-26 19:04:05,622 INFO  heartbeat.GossipJob - 4 number of current servers
2022-03-26 19:04:05,622 INFO  heartbeat.GossipJob - finish ****************
2022-03-26 19:04:05,623 INFO  heartbeat.GossipJob - starting ##############
2022-03-26 19:04:05,623 INFO  heartbeat.GossipJob - 1serverID
2022-03-26 19:04:05,623 INFO  heartbeat.GossipJob - available servers %%%%%%%%%%%%%%%%%%%%%%
2022-03-26 19:04:05,623 INFO  heartbeat.GossipJob - 4 number of current servers
2022-03-26 19:04:05,623 INFO  heartbeat.GossipJob - finish ****************
2022-03-26 19:04:05,623 INFO  heartbeat.GossipJob - Current coordinator is : 2
2022-03-26 19:04:05,624 INFO  heartbeat.GossipJob - Gossip heartbeat info to next peer s2
2022-03-26 19:04:08,623 INFO  heartbeat.GossipJob - IN the %%%%%%%%%%%%%%%%%%%%%%%%%%%%%%%%%%%%%%%%%%%
2022-03-26 19:04:08,623 INFO  heartbeat.GossipJob - starting ##############
2022-03-26 19:04:08,624 INFO  heartbeat.GossipJob - 2serverID
2022-03-26 19:04:08,624 INFO  heartbeat.GossipJob - available servers %%%%%%%%%%%%%%%%%%%%%%
2022-03-26 19:04:08,624 INFO  heartbeat.GossipJob - 4 number of current servers
2022-03-26 19:04:08,624 INFO  heartbeat.GossipJob - finish ****************
2022-03-26 19:04:08,624 INFO  heartbeat.GossipJob - starting ##############
2022-03-26 19:04:08,624 INFO  heartbeat.GossipJob - 1serverID
2022-03-26 19:04:08,624 INFO  heartbeat.GossipJob - available servers %%%%%%%%%%%%%%%%%%%%%%
2022-03-26 19:04:08,624 INFO  heartbeat.GossipJob - 4 number of current servers
2022-03-26 19:04:08,624 INFO  heartbeat.GossipJob - finish ****************
2022-03-26 19:04:08,624 INFO  heartbeat.GossipJob - Current coordinator is : 2
2022-03-26 19:04:08,625 INFO  heartbeat.GossipJob - Gossip heartbeat info to next peer s2
